time=2025-09-30T00:04:06.282+07:00 level=INFO msg="Connect Mongo DB Start"
time=2025-09-30T00:04:06.398+07:00 level=INFO msg="Connect Mongo DB Successfully"
time=2025-09-30T00:06:03.082+07:00 level=INFO msg="API is healthy"
time=2025-09-30T00:06:12.722+07:00 level=INFO msg="Connect Mongo DB Start"
time=2025-09-30T00:06:12.820+07:00 level=INFO msg="Connect Mongo DB Successfully"
time=2025-09-30T00:06:14.874+07:00 level=INFO msg="API is healthy"
time=2025-09-30T00:06:38.779+07:00 level=INFO msg="Connect Mongo DB Start"
time=2025-09-30T00:06:38.781+07:00 level=INFO msg="Connect Mongo DB Successfully"
time=2025-09-30T00:06:39.341+07:00 level=INFO msg="API is healthy"
time=2025-09-30T00:06:44.670+07:00 level=INFO msg="API is healthy"
time=2025-09-30T00:06:46.934+07:00 level=INFO msg="API is healthy"
time=2025-09-30T00:06:49.761+07:00 level=INFO msg="API is healthy"
time=2025-09-30T00:08:42.558+07:00 level=INFO msg="API is healthy"
time=2025-09-30T00:08:43.355+07:00 level=INFO msg="API is healthy"
time=2025-09-30T00:08:43.947+07:00 level=INFO msg="API is healthy"
time=2025-09-30T00:08:47.308+07:00 level=INFO msg="API is healthy"
time=2025-09-30T01:22:47.672+07:00 level=INFO msg="Database Migrated: Users, Products tables created"
time=2025-09-30T01:22:50.513+07:00 level=INFO msg="Database Migrated"
time=2025-09-30T01:22:50.513+07:00 level=INFO msg="Connect Mongo DB Start"
time=2025-09-30T01:22:50.514+07:00 level=INFO msg="Connect Mongo DB Successfully"
time=2025-09-30T01:23:09.763+07:00 level=INFO msg="Database Migrated: Users, Products tables created"
time=2025-09-30T01:23:12.427+07:00 level=INFO msg="Database Migrated"
time=2025-09-30T01:23:12.427+07:00 level=INFO msg="Connect Mongo DB Start"
time=2025-09-30T01:23:12.427+07:00 level=INFO msg="Connect Mongo DB Successfully"
time=2025-09-30T01:23:19.219+07:00 level=INFO msg="API is healthy"
time=2025-09-30T01:47:52.153+07:00 level=INFO msg="API is healthy"
time=2025-09-30T01:47:52.228+07:00 level=INFO msg="Inserted document ID:" id=68dad45855fc0b6d28e46e58
